Feb-23 04:35:51.950 [main] DEBUG nextflow.cli.Launcher - $> nextflow run /home/mouhamadbodaghie/PycharmProjects/CAHS_SaaS/bacteria_analysis.nf
Feb-23 04:35:52.103 [main] DEBUG nextflow.cli.CmdRun - N E X T F L O W  ~  version 24.10.4
Feb-23 04:35:52.129 [main] DEBUG nextflow.plugin.PluginsFacade - Setting up plugin manager > mode=prod; embedded=false; plugins-dir=/home/mouhamadbodaghie/.nextflow/plugins; core-plugins: nf-amazon@2.9.2,nf-azure@1.10.2,nf-cloudcache@0.4.2,nf-codecommit@0.2.2,nf-console@1.1.4,nf-google@1.15.3,nf-tower@1.9.3,nf-wave@1.7.4
Feb-23 04:35:52.157 [main] INFO  o.pf4j.DefaultPluginStatusProvider - Enabled plugins: []
Feb-23 04:35:52.159 [main] INFO  o.pf4j.DefaultPluginStatusProvider - Disabled plugins: []
Feb-23 04:35:52.163 [main] INFO  org.pf4j.DefaultPluginManager - PF4J version 3.12.0 in 'deployment' mode
Feb-23 04:35:52.180 [main] INFO  org.pf4j.AbstractPluginManager - No plugins
Feb-23 04:35:52.318 [main] DEBUG nextflow.cli.CmdRun - Applied DSL=2 by global default
Feb-23 04:35:52.343 [main] DEBUG nextflow.cli.CmdRun - Launching `/home/mouhamadbodaghie/PycharmProjects/CAHS_SaaS/bacteria_analysis.nf` [sleepy_shannon] DSL2 - revision: 9017c16fd2
Feb-23 04:35:52.347 [main] DEBUG nextflow.plugin.PluginsFacade - Plugins default=[]
Feb-23 04:35:52.347 [main] DEBUG nextflow.plugin.PluginsFacade - Plugins resolved requirement=[]
Feb-23 04:35:52.447 [main] DEBUG nextflow.Session - Session UUID: 16aea3e8-5d73-40a0-a146-978c7f05dfb0
Feb-23 04:35:52.448 [main] DEBUG nextflow.Session - Run name: sleepy_shannon
Feb-23 04:35:52.449 [main] DEBUG nextflow.Session - Executor pool size: 32
Feb-23 04:35:52.463 [main] DEBUG nextflow.file.FilePorter - File porter settings maxRetries=3; maxTransfers=50; pollTimeout=null
Feb-23 04:35:52.475 [main] DEBUG nextflow.util.ThreadPoolBuilder - Creating thread pool 'FileTransfer' minSize=10; maxSize=96; workQueue=LinkedBlockingQueue[10000]; allowCoreThreadTimeout=false
Feb-23 04:35:52.515 [main] DEBUG nextflow.cli.CmdRun - 
  Version: 24.10.4 build 5934
  Created: 20-01-2025 16:47 UTC 
  System: Linux 5.4.0-200-generic
  Runtime: Groovy 4.0.23 on OpenJDK 64-Bit Server VM 17.0.14+7-Ubuntu-120.04
  Encoding: UTF-8 (UTF-8)
  Process: 2270934@cahsubuntu01 [127.0.1.1]
  CPUs: 32 - Mem: 251.5 GB (15.7 GB) - Swap: 8 GB (8 GB)
Feb-23 04:35:52.550 [main] DEBUG nextflow.Session - Work-dir: /home/mouhamadbodaghie/PycharmProjects/CAHS_SaaS/work [ext2/ext3]
Feb-23 04:35:52.551 [main] DEBUG nextflow.Session - Script base path does not exist or is not a directory: /home/mouhamadbodaghie/PycharmProjects/CAHS_SaaS/bin
Feb-23 04:35:52.573 [main] DEBUG nextflow.executor.ExecutorFactory - Extension executors providers=[]
Feb-23 04:35:52.590 [main] DEBUG nextflow.Session - Observer factory: DefaultObserverFactory
Feb-23 04:35:52.641 [main] DEBUG nextflow.cache.CacheFactory - Using Nextflow cache factory: nextflow.cache.DefaultCacheFactory
Feb-23 04:35:52.655 [main] DEBUG nextflow.util.CustomThreadPool - Creating default thread pool > poolSize: 33; maxThreads: 1000
Feb-23 04:35:52.731 [main] DEBUG nextflow.Session - Session start
Feb-23 04:35:53.407 [main] DEBUG nextflow.script.ScriptRunner - > Launching execution
Feb-23 04:35:53.432 [main] DEBUG n.secret.LocalSecretsProvider - Secrets store: /home/mouhamadbodaghie/.nextflow/secrets/store.json
Feb-23 04:35:53.446 [main] DEBUG nextflow.secret.SecretsLoader - Discovered secrets providers: [nextflow.secret.LocalSecretsProvider@75156240] - activable => nextflow.secret.LocalSecretsProvider@75156240
Feb-23 04:35:53.552 [main] DEBUG nextflow.script.ScriptRunner - Parsed script files:
  Script_fc88fd30bec52109: /home/mouhamadbodaghie/PycharmProjects/CAHS_SaaS/bacteria_analysis.nf
Feb-23 04:35:53.553 [main] DEBUG nextflow.Session - Session aborted -- Cause: Cannot read write-only property: into
Feb-23 04:35:53.560 [main] DEBUG nextflow.Session - 
Thread[main,5,main]
  java.base@17.0.14/java.lang.Thread.dumpThreads(Native Method)
  java.base@17.0.14/java.lang.Thread.getAllStackTraces(Thread.java:1671)
  app//nextflow.util.SysHelper.dumpThreads(SysHelper.groovy:188)
  app//nextflow.Session.abort(Session.groovy:800)
  app//nextflow.script.ScriptRunner.execute(ScriptRunner.groovy:149)
  app//nextflow.cli.CmdRun.run(CmdRun.groovy:376)
  app//nextflow.cli.Launcher.run(Launcher.groovy:503)
  app//nextflow.cli.Launcher.main(Launcher.groovy:658)

Thread[Reference Handler,10,system]
  java.base@17.0.14/java.lang.ref.Reference.waitForReferencePendingList(Native Method)
  java.base@17.0.14/java.lang.ref.Reference.processPendingReferences(Reference.java:253)
  java.base@17.0.14/java.lang.ref.Reference$ReferenceHandler.run(Reference.java:215)

Thread[Finalizer,8,system]
  java.base@17.0.14/java.lang.Object.wait(Native Method)
  java.base@17.0.14/java.lang.ref.ReferenceQueue.remove(ReferenceQueue.java:155)
  java.base@17.0.14/java.lang.ref.ReferenceQueue.remove(ReferenceQueue.java:176)
  java.base@17.0.14/java.lang.ref.Finalizer$FinalizerThread.run(Finalizer.java:172)

Thread[Thread-1,5,main]
  java.base@17.0.14/jdk.internal.misc.Unsafe.park(Native Method)
  java.base@17.0.14/java.util.concurrent.locks.LockSupport.parkNanos(LockSupport.java:252)
  java.base@17.0.14/java.util.concurrent.locks.AbstractQueuedSynchronizer$ConditionObject.awaitNanos(AbstractQueuedSynchronizer.java:1679)
  java.base@17.0.14/java.util.concurrent.LinkedBlockingDeque.pollFirst(LinkedBlockingDeque.java:515)
  java.base@17.0.14/java.util.concurrent.LinkedBlockingDeque.poll(LinkedBlockingDeque.java:677)
  app//nextflow.util.SimpleAgent.run(SimpleAgent.groovy:89)
  java.base@17.0.14/jdk.internal.reflect.NativeMethodAccessorImpl.invoke0(Native Method)
  java.base@17.0.14/jdk.internal.reflect.NativeMethodAccessorImpl.invoke(NativeMethodAccessorImpl.java:77)
  java.base@17.0.14/jdk.internal.reflect.DelegatingMethodAccessorImpl.invoke(DelegatingMethodAccessorImpl.java:43)
  java.base@17.0.14/java.lang.reflect.Method.invoke(Method.java:569)
  app//org.codehaus.groovy.reflection.CachedMethod.invoke(CachedMethod.java:343)
  app//groovy.lang.MetaMethod.doMethodInvoke(MetaMethod.java:328)
  app//groovy.lang.MetaClassImpl.doInvokeMethod(MetaClassImpl.java:1333)
  app//groovy.lang.MetaClassImpl.invokeMethod(MetaClassImpl.java:1088)
  app//groovy.lang.MetaClassImpl.invokeMethodClosure(MetaClassImpl.java:1017)
  app//groovy.lang.MetaClassImpl.doInvokeMethod(MetaClassImpl.java:1207)
  app//groovy.lang.MetaClassImpl.invokeMethod(MetaClassImpl.java:1088)
  app//groovy.lang.MetaClassImpl.invokeMethod(MetaClassImpl.java:1007)
  app//groovy.lang.Closure.call(Closure.java:433)
  app//groovy.lang.Closure.call(Closure.java:412)
  app//groovy.lang.Closure.run(Closure.java:505)
  java.base@17.0.14/java.lang.Thread.run(Thread.java:840)

Thread[Signal Dispatcher,9,system]

Thread[Common-Cleaner,8,InnocuousThreadGroup]
  java.base@17.0.14/java.lang.Object.wait(Native Method)
  java.base@17.0.14/java.lang.ref.ReferenceQueue.remove(ReferenceQueue.java:155)
  java.base@17.0.14/jdk.internal.ref.CleanerImpl.run(CleanerImpl.java:140)
  java.base@17.0.14/java.lang.Thread.run(Thread.java:840)
  java.base@17.0.14/jdk.internal.misc.InnocuousThread.run(InnocuousThread.java:162)

Thread[process reaper,10,system]
  java.base@17.0.14/jdk.internal.misc.Unsafe.park(Native Method)
  java.base@17.0.14/java.util.concurrent.locks.LockSupport.parkNanos(LockSupport.java:252)
  java.base@17.0.14/java.util.concurrent.SynchronousQueue$TransferStack.transfer(SynchronousQueue.java:401)
  java.base@17.0.14/java.util.concurrent.SynchronousQueue.poll(SynchronousQueue.java:903)
  java.base@17.0.14/java.util.concurrent.ThreadPoolExecutor.getTask(ThreadPoolExecutor.java:1061)
  java.base@17.0.14/java.util.concurrent.ThreadPoolExecutor.runWorker(ThreadPoolExecutor.java:1122)
  java.base@17.0.14/java.util.concurrent.ThreadPoolExecutor$Worker.run(ThreadPoolExecutor.java:635)
  java.base@17.0.14/java.lang.Thread.run(Thread.java:840)

Thread[AnsiLogObserver,5,main]
  java.base@17.0.14/java.lang.Object.wait(Native Method)
  app//nextflow.trace.AnsiLogObserver.render0(AnsiLogObserver.groovy:185)
  java.base@17.0.14/jdk.internal.reflect.NativeMethodAccessorImpl.invoke0(Native Method)
  java.base@17.0.14/jdk.internal.reflect.NativeMethodAccessorImpl.invoke(NativeMethodAccessorImpl.java:77)
  java.base@17.0.14/jdk.internal.reflect.DelegatingMethodAccessorImpl.invoke(DelegatingMethodAccessorImpl.java:43)
  java.base@17.0.14/java.lang.reflect.Method.invoke(Method.java:569)
  app//org.codehaus.groovy.reflection.CachedMethod.invoke(CachedMethod.java:343)
  app//groovy.lang.MetaMethod.doMethodInvoke(MetaMethod.java:328)
  app//groovy.lang.MetaClassImpl.doInvokeMethod(MetaClassImpl.java:1333)
  app//groovy.lang.MetaClassImpl.invokeMethod(MetaClassImpl.java:1088)
  app//groovy.lang.MetaClassImpl.invokeMethodClosure(MetaClassImpl.java:1017)
  app//groovy.lang.MetaClassImpl.doInvokeMethod(MetaClassImpl.java:1207)
  app//groovy.lang.MetaClassImpl.invokeMethod(MetaClassImpl.java:1088)
  app//groovy.lang.MetaClassImpl.invokeMethod(MetaClassImpl.java:1007)
  app//groovy.lang.Closure.call(Closure.java:433)
  app//groovy.lang.Closure.call(Closure.java:412)
  app//groovy.lang.Closure.run(Closure.java:505)
  java.base@17.0.14/java.lang.Thread.run(Thread.java:840)

Thread[Notification Thread,9,system]

Feb-23 04:35:53.572 [main] ERROR nextflow.cli.Launcher - @unknown
groovy.lang.GroovyRuntimeException: Cannot read write-only property: into
	at groovy.lang.MetaBeanProperty.getProperty(MetaBeanProperty.java:58)
	at groovy.lang.MetaClassImpl.invokePropertyOrMissing(MetaClassImpl.java:1387)
	at groovy.lang.MetaClassImpl.doInvokeMethod(MetaClassImpl.java:1335)
	at groovy.lang.MetaClassImpl.invokeMethod(MetaClassImpl.java:1088)
	at groovy.lang.MetaClassImpl.invokeMethod(MetaClassImpl.java:1007)
	at org.codehaus.groovy.vmplugin.v8.IndyInterface.fromCache(IndyInterface.java:321)
	at Script_fc88fd30bec52109$_runScript_closure1.doCall(Script_fc88fd30bec52109:3)
	at Script_fc88fd30bec52109$_runScript_closure1.doCall(Script_fc88fd30bec52109)
	at java.base/jdk.internal.reflect.NativeMethodAccessorImpl.invoke0(Native Method)
	at java.base/jdk.internal.reflect.NativeMethodAccessorImpl.invoke(NativeMethodAccessorImpl.java:77)
	at java.base/jdk.internal.reflect.DelegatingMethodAccessorImpl.invoke(DelegatingMethodAccessorImpl.java:43)
	at java.base/java.lang.reflect.Method.invoke(Method.java:569)
	at org.codehaus.groovy.reflection.CachedMethod.invoke(CachedMethod.java:343)
	at groovy.lang.MetaMethod.doMethodInvoke(MetaMethod.java:328)
	at org.codehaus.groovy.runtime.metaclass.ClosureMetaClass.invokeMethod(ClosureMetaClass.java:279)
	at groovy.lang.MetaClassImpl.invokeMethod(MetaClassImpl.java:1007)
	at groovy.lang.Closure.call(Closure.java:433)
	at groovy.lang.Closure.call(Closure.java:412)
	at nextflow.script.ProcessDef.initialize(ProcessDef.groovy:110)
	at nextflow.script.ProcessDef.run(ProcessDef.groovy:168)
	at nextflow.script.BindableDef.invoke_a(BindableDef.groovy:51)
	at nextflow.script.ComponentDef.invoke_o(ComponentDef.groovy:40)
	at nextflow.script.WorkflowBinding.invokeMethod(WorkflowBinding.groovy:103)
	at org.codehaus.groovy.runtime.InvokerHelper.invokePogoMethod(InvokerHelper.java:651)
	at org.codehaus.groovy.runtime.InvokerHelper.invokeMethod(InvokerHelper.java:628)
	at org.codehaus.groovy.runtime.metaclass.ClosureMetaClass.invokeOnDelegationObjects(ClosureMetaClass.java:391)
	at org.codehaus.groovy.runtime.metaclass.ClosureMetaClass.invokeMethod(ClosureMetaClass.java:330)
	at groovy.lang.MetaClassImpl.invokeMethod(MetaClassImpl.java:1007)
	at org.codehaus.groovy.vmplugin.v8.IndyInterface.fromCache(IndyInterface.java:321)
	at Script_fc88fd30bec52109$_runScript_closure2$_closure4.doCall(Script_fc88fd30bec52109:30)
	at java.base/jdk.internal.reflect.NativeMethodAccessorImpl.invoke0(Native Method)
	at java.base/jdk.internal.reflect.NativeMethodAccessorImpl.invoke(NativeMethodAccessorImpl.java:77)
	at java.base/jdk.internal.reflect.DelegatingMethodAccessorImpl.invoke(DelegatingMethodAccessorImpl.java:43)
	at java.base/java.lang.reflect.Method.invoke(Method.java:569)
	at org.codehaus.groovy.reflection.CachedMethod.invoke(CachedMethod.java:343)
	at groovy.lang.MetaMethod.doMethodInvoke(MetaMethod.java:328)
	at org.codehaus.groovy.runtime.metaclass.ClosureMetaClass.invokeMethod(ClosureMetaClass.java:279)
	at groovy.lang.MetaClassImpl.invokeMethod(MetaClassImpl.java:1007)
	at groovy.lang.Closure.call(Closure.java:433)
	at groovy.lang.Closure.call(Closure.java:412)
	at nextflow.script.WorkflowDef.run0(WorkflowDef.groovy:204)
	at nextflow.script.WorkflowDef.run(WorkflowDef.groovy:188)
	at nextflow.script.BindableDef.invoke_a(BindableDef.groovy:51)
	at org.codehaus.groovy.vmplugin.v8.IndyInterface.fromCache(IndyInterface.java:321)
	at nextflow.script.BaseScript.run0(BaseScript.groovy:198)
	at org.codehaus.groovy.vmplugin.v8.IndyInterface.fromCache(IndyInterface.java:321)
	at nextflow.script.BaseScript.run(BaseScript.groovy:209)
	at nextflow.script.ScriptParser.runScript(ScriptParser.groovy:236)
	at nextflow.script.ScriptRunner.run(ScriptRunner.groovy:243)
	at nextflow.script.ScriptRunner.execute(ScriptRunner.groovy:138)
	at nextflow.cli.CmdRun.run(CmdRun.groovy:376)
	at nextflow.cli.Launcher.run(Launcher.groovy:503)
	at nextflow.cli.Launcher.main(Launcher.groovy:658)
